<?xml version="1.0" encoding="UTF-8"?>
<!-- Generated by org.testng.reporters.JUnitReportReporter -->
<testsuite skipped="0" hostname="DESKTOP-BCCDV5C" name="com.leafBot.testcases.TC001_Login" tests="1" failures="0" timestamp="08 Feb 2020 09:45:22 GMT" time="13.714" errors="0">
  <testcase name="loginAndVerify" time="13.714" classname="com.leafBot.testcases.TC001_Login"/>
</testsuite> <!-- com.leafBot.testcases.TC001_Login -->
